2025-04-01 08:10:19,149 - aiogram.dispatcher - INFO - Start polling
2025-04-01 08:10:19,479 - aiogram.dispatcher - INFO - Run polling for bot @Siz_Izlagan_Filmlar_Bot id=8121896700 - 'Siz Izlagan Filmlar | Bot'
2025-04-01 08:10:20,017 - aiogram.event - INFO - Update id=410264766 is handled. Duration 423 ms by bot id=8121896700
2025-04-01 08:10:20,032 - aiogram.event - INFO - Update id=410264765 is handled. Duration 438 ms by bot id=8121896700
2025-04-01 08:10:20,042 - aiogram.event - INFO - Update id=410264762 is handled. Duration 449 ms by bot id=8121896700
2025-04-01 08:10:20,065 - aiogram.event - INFO - Update id=410264763 is handled. Duration 472 ms by bot id=8121896700
2025-04-01 08:10:20,087 - aiogram.event - INFO - Update id=410264768 is handled. Duration 491 ms by bot id=8121896700
2025-04-01 08:10:20,100 - aiogram.event - INFO - Update id=410264767 is handled. Duration 505 ms by bot id=8121896700
2025-04-01 08:10:20,128 - aiogram.event - INFO - Update id=410264769 is handled. Duration 531 ms by bot id=8121896700
2025-04-01 08:10:20,143 - aiogram.event - INFO - Update id=410264764 is handled. Duration 549 ms by bot id=8121896700
2025-04-01 08:11:41,802 - aiogram.event - INFO - Update id=410264770 is handled. Duration 205 ms by bot id=8121896700
2025-04-01 08:11:47,629 - aiogram.dispatcher - INFO - Polling stopped
2025-04-01 08:11:47,896 - aiogram.dispatcher - INFO - Polling stopped for bot @Siz_Izlagan_Filmlar_Bot id=8121896700 - 'Siz Izlagan Filmlar | Bot'
2025-04-01 08:37:13,896 - aiogram.dispatcher - INFO - Start polling
2025-04-01 08:37:14,257 - aiogram.dispatcher - INFO - Run polling for bot @Siz_Izlagan_Filmlar_Bot id=8121896700 - 'Siz Izlagan Filmlar | Bot'
2025-04-01 08:37:14,794 - aiogram.event - INFO - Update id=410264773 is handled. Duration 416 ms by bot id=8121896700
2025-04-01 08:37:14,799 - aiogram.event - INFO - Update id=410264771 is handled. Duration 423 ms by bot id=8121896700
2025-04-01 08:37:14,822 - aiogram.event - INFO - Update id=410264772 is handled. Duration 445 ms by bot id=8121896700
2025-04-01 08:37:14,839 - aiogram.event - INFO - Update id=410264774 is handled. Duration 460 ms by bot id=8121896700
2025-04-01 08:37:58,754 - aiogram.dispatcher - INFO - Polling stopped
2025-04-01 08:37:59,011 - aiogram.dispatcher - INFO - Polling stopped for bot @Siz_Izlagan_Filmlar_Bot id=8121896700 - 'Siz Izlagan Filmlar | Bot'
2025-04-01 08:38:02,047 - aiogram.dispatcher - INFO - Start polling
2025-04-01 08:38:02,362 - aiogram.dispatcher - INFO - Run polling for bot @Siz_Izlagan_Filmlar_Bot id=8121896700 - 'Siz Izlagan Filmlar | Bot'
2025-04-01 08:38:05,848 - aiogram.event - INFO - Update id=410264775 is handled. Duration 415 ms by bot id=8121896700
2025-04-01 08:38:40,347 - aiogram.event - INFO - Update id=410264776 is handled. Duration 231 ms by bot id=8121896700
2025-04-01 08:38:43,028 - aiogram.dispatcher - INFO - Polling stopped
2025-04-01 08:38:43,285 - aiogram.dispatcher - INFO - Polling stopped for bot @Siz_Izlagan_Filmlar_Bot id=8121896700 - 'Siz Izlagan Filmlar | Bot'
2025-04-01 08:38:46,286 - aiogram.dispatcher - INFO - Start polling
2025-04-01 08:38:46,659 - aiogram.dispatcher - INFO - Run polling for bot @Siz_Izlagan_Filmlar_Bot id=8121896700 - 'Siz Izlagan Filmlar | Bot'
2025-04-01 08:38:47,251 - aiogram.event - INFO - Update id=410264777 is handled. Duration 473 ms by bot id=8121896700
2025-04-01 08:41:55,569 - aiogram.dispatcher - INFO - Polling stopped
2025-04-01 08:41:55,825 - aiogram.dispatcher - INFO - Polling stopped for bot @Siz_Izlagan_Filmlar_Bot id=8121896700 - 'Siz Izlagan Filmlar | Bot'
2025-04-01 08:41:58,800 - aiogram.dispatcher - INFO - Start polling
2025-04-01 08:41:59,139 - aiogram.dispatcher - INFO - Run polling for bot @Siz_Izlagan_Filmlar_Bot id=8121896700 - 'Siz Izlagan Filmlar | Bot'
2025-04-01 08:42:04,017 - aiogram.event - INFO - Update id=410264778 is handled. Duration 439 ms by bot id=8121896700
2025-04-01 08:42:06,825 - aiogram.event - INFO - Update id=410264779 is handled. Duration 237 ms by bot id=8121896700
2025-04-01 08:43:26,328 - aiogram.event - INFO - Update id=410264780 is handled. Duration 252 ms by bot id=8121896700
2025-04-01 08:44:37,371 - aiogram.event - INFO - Update id=410264781 is handled. Duration 333 ms by bot id=8121896700
2025-04-01 08:45:07,360 - aiogram.event - INFO - Update id=410264782 is handled. Duration 261 ms by bot id=8121896700
2025-04-01 08:46:13,545 - aiogram.dispatcher - INFO - Polling stopped
2025-04-01 08:46:13,807 - aiogram.dispatcher - INFO - Polling stopped for bot @Siz_Izlagan_Filmlar_Bot id=8121896700 - 'Siz Izlagan Filmlar | Bot'
2025-04-01 08:46:16,718 - aiogram.dispatcher - INFO - Start polling
2025-04-01 08:46:17,028 - aiogram.dispatcher - INFO - Run polling for bot @Siz_Izlagan_Filmlar_Bot id=8121896700 - 'Siz Izlagan Filmlar | Bot'
2025-04-01 08:46:20,973 - aiogram.event - INFO - Update id=410264783 is handled. Duration 423 ms by bot id=8121896700
2025-04-01 08:46:29,925 - aiogram.event - INFO - Update id=410264784 is handled. Duration 221 ms by bot id=8121896700
2025-04-01 08:46:52,224 - aiogram.event - INFO - Update id=410264785 is handled. Duration 218 ms by bot id=8121896700
2025-04-01 08:47:04,791 - aiogram.event - INFO - Update id=410264786 is handled. Duration 221 ms by bot id=8121896700
2025-04-01 08:47:16,634 - aiogram.event - INFO - Update id=410264787 is handled. Duration 240 ms by bot id=8121896700
2025-04-01 08:47:52,383 - aiogram.dispatcher - INFO - Polling stopped
2025-04-01 08:47:52,648 - aiogram.dispatcher - INFO - Polling stopped for bot @Siz_Izlagan_Filmlar_Bot id=8121896700 - 'Siz Izlagan Filmlar | Bot'
2025-04-01 08:47:55,552 - aiogram.dispatcher - INFO - Start polling
2025-04-01 08:47:55,882 - aiogram.dispatcher - INFO - Run polling for bot @Siz_Izlagan_Filmlar_Bot id=8121896700 - 'Siz Izlagan Filmlar | Bot'
2025-04-01 08:48:03,473 - aiogram.event - INFO - Update id=410264788 is handled. Duration 464 ms by bot id=8121896700
2025-04-01 08:48:36,705 - aiogram.dispatcher - INFO - Polling stopped
2025-04-01 08:48:36,970 - aiogram.dispatcher - INFO - Polling stopped for bot @Siz_Izlagan_Filmlar_Bot id=8121896700 - 'Siz Izlagan Filmlar | Bot'
2025-04-01 08:48:40,056 - aiogram.dispatcher - INFO - Start polling
2025-04-01 08:48:40,384 - aiogram.dispatcher - INFO - Run polling for bot @Siz_Izlagan_Filmlar_Bot id=8121896700 - 'Siz Izlagan Filmlar | Bot'
2025-04-01 08:49:14,417 - __main__ - ERROR - Kanal tekshiruvida xato: Telegram server says - Bad Request: chat not found
2025-04-01 08:49:14,544 - aiogram.event - INFO - Update id=410264789 is handled. Duration 421 ms by bot id=8121896700
2025-04-01 08:49:19,117 - __main__ - ERROR - Kanal tekshiruvida xato: Telegram server says - Bad Request: chat not found
2025-04-01 08:49:19,342 - aiogram.event - INFO - Update id=410264790 is handled. Duration 368 ms by bot id=8121896700
2025-04-01 08:49:24,437 - __main__ - ERROR - Kanal tekshiruvida xato: Telegram server says - Bad Request: chat not found
2025-04-01 08:49:24,437 - aiogram.event - INFO - Update id=410264791 is handled. Duration 102 ms by bot id=8121896700
2025-04-01 08:49:34,870 - __main__ - ERROR - Kanal tekshiruvida xato: Telegram server says - Bad Request: chat not found
2025-04-01 08:49:34,991 - aiogram.event - INFO - Update id=410264792 is handled. Duration 263 ms by bot id=8121896700
2025-04-01 08:49:42,015 - aiogram.dispatcher - INFO - Polling stopped
2025-04-01 08:49:42,274 - aiogram.dispatcher - INFO - Polling stopped for bot @Siz_Izlagan_Filmlar_Bot id=8121896700 - 'Siz Izlagan Filmlar | Bot'
2025-04-01 08:49:45,307 - aiogram.dispatcher - INFO - Start polling
2025-04-01 08:49:45,618 - aiogram.dispatcher - INFO - Run polling for bot @Siz_Izlagan_Filmlar_Bot id=8121896700 - 'Siz Izlagan Filmlar | Bot'
2025-04-01 08:49:46,047 - __main__ - ERROR - Kanal tekshiruvida xato: Telegram server says - Bad Request: chat not found
2025-04-01 08:49:46,149 - aiogram.event - INFO - Update id=410264793 is handled. Duration 413 ms by bot id=8121896700
2025-04-01 08:50:01,709 - aiogram.dispatcher - INFO - Polling stopped
2025-04-01 08:50:01,973 - aiogram.dispatcher - INFO - Polling stopped for bot @Siz_Izlagan_Filmlar_Bot id=8121896700 - 'Siz Izlagan Filmlar | Bot'
2025-04-01 08:50:04,987 - aiogram.dispatcher - INFO - Start polling
2025-04-01 08:50:05,318 - aiogram.dispatcher - INFO - Run polling for bot @Siz_Izlagan_Filmlar_Bot id=8121896700 - 'Siz Izlagan Filmlar | Bot'
2025-04-01 08:50:05,786 - __main__ - ERROR - Kanal tekshiruvida xato: Telegram server says - Bad Request: member list is inaccessible
2025-04-01 08:50:06,013 - aiogram.event - INFO - Update id=410264794 is handled. Duration 574 ms by bot id=8121896700
2025-04-01 08:50:10,036 - __main__ - ERROR - Kanal tekshiruvida xato: Telegram server says - Bad Request: member list is inaccessible
2025-04-01 08:50:10,157 - aiogram.event - INFO - Update id=410264795 is handled. Duration 227 ms by bot id=8121896700
2025-04-01 08:50:50,513 - aiogram.dispatcher - INFO - Polling stopped
2025-04-01 08:50:50,770 - aiogram.dispatcher - INFO - Polling stopped for bot @Siz_Izlagan_Filmlar_Bot id=8121896700 - 'Siz Izlagan Filmlar | Bot'
2025-04-01 08:50:53,831 - aiogram.dispatcher - INFO - Start polling
2025-04-01 08:50:54,134 - aiogram.dispatcher - INFO - Run polling for bot @Siz_Izlagan_Filmlar_Bot id=8121896700 - 'Siz Izlagan Filmlar | Bot'
2025-04-01 08:50:54,882 - __main__ - ERROR - Kanal tekshiruvida xato: Telegram server says - Bad Request: member list is inaccessible
2025-04-01 08:50:54,989 - aiogram.event - INFO - Update id=410264796 is handled. Duration 407 ms by bot id=8121896700
2025-04-01 08:51:51,280 - aiogram.dispatcher - INFO - Polling stopped
2025-04-01 08:51:51,540 - aiogram.dispatcher - INFO - Polling stopped for bot @Siz_Izlagan_Filmlar_Bot id=8121896700 - 'Siz Izlagan Filmlar | Bot'
2025-04-01 08:51:54,454 - aiogram.dispatcher - INFO - Start polling
2025-04-01 08:51:54,787 - aiogram.dispatcher - INFO - Run polling for bot @Siz_Izlagan_Filmlar_Bot id=8121896700 - 'Siz Izlagan Filmlar | Bot'
2025-04-01 08:52:02,650 - __main__ - ERROR - Kanal tekshiruvida xato: Telegram server says - Bad Request: member list is inaccessible
2025-04-01 08:52:02,778 - aiogram.event - INFO - Update id=410264797 is handled. Duration 426 ms by bot id=8121896700
2025-04-01 08:52:06,297 - __main__ - ERROR - Kanal tekshiruvida xato: Telegram server says - Bad Request: member list is inaccessible
2025-04-01 08:52:06,404 - aiogram.event - INFO - Update id=410264798 is handled. Duration 208 ms by bot id=8121896700
2025-04-01 08:52:31,128 - aiogram.dispatcher - INFO - Polling stopped
2025-04-01 08:52:31,382 - aiogram.dispatcher - INFO - Polling stopped for bot @Siz_Izlagan_Filmlar_Bot id=8121896700 - 'Siz Izlagan Filmlar | Bot'
2025-04-01 08:52:34,536 - aiogram.dispatcher - INFO - Start polling
2025-04-01 08:52:34,852 - aiogram.dispatcher - INFO - Run polling for bot @Siz_Izlagan_Filmlar_Bot id=8121896700 - 'Siz Izlagan Filmlar | Bot'
2025-04-01 08:52:35,444 - aiogram.event - INFO - Update id=410264799 is handled. Duration 476 ms by bot id=8121896700
2025-04-01 08:55:54,024 - aiogram.event - INFO - Update id=410264800 is handled. Duration 275 ms by bot id=8121896700
2025-04-01 08:56:06,551 - aiogram.dispatcher - INFO - Polling stopped
2025-04-01 08:56:06,806 - aiogram.dispatcher - INFO - Polling stopped for bot @Siz_Izlagan_Filmlar_Bot id=8121896700 - 'Siz Izlagan Filmlar | Bot'
2025-04-01 08:56:09,877 - aiogram.dispatcher - INFO - Start polling
2025-04-01 08:56:10,196 - aiogram.dispatcher - INFO - Run polling for bot @Siz_Izlagan_Filmlar_Bot id=8121896700 - 'Siz Izlagan Filmlar | Bot'
2025-04-01 08:56:10,753 - aiogram.event - INFO - Update id=410264801 is handled. Duration 436 ms by bot id=8121896700
2025-04-01 08:56:16,046 - aiogram.event - INFO - Update id=410264802 is handled. Duration 233 ms by bot id=8121896700
2025-04-01 08:56:25,895 - aiogram.event - INFO - Update id=410264803 is handled. Duration 247 ms by bot id=8121896700
2025-04-01 08:56:34,003 - aiogram.event - INFO - Update id=410264804 is handled. Duration 270 ms by bot id=8121896700
2025-04-01 08:58:20,685 - aiogram.dispatcher - INFO - Polling stopped
2025-04-01 08:58:20,938 - aiogram.dispatcher - INFO - Polling stopped for bot @Siz_Izlagan_Filmlar_Bot id=8121896700 - 'Siz Izlagan Filmlar | Bot'
2025-04-01 08:58:24,007 - aiogram.dispatcher - INFO - Start polling
2025-04-01 08:58:24,329 - aiogram.dispatcher - INFO - Run polling for bot @Siz_Izlagan_Filmlar_Bot id=8121896700 - 'Siz Izlagan Filmlar | Bot'
2025-04-01 08:58:24,968 - aiogram.event - INFO - Update id=410264805 is handled. Duration 526 ms by bot id=8121896700
2025-04-01 08:58:32,119 - aiogram.event - INFO - Update id=410264806 is handled. Duration 221 ms by bot id=8121896700
2025-04-01 08:58:36,386 - aiogram.event - INFO - Update id=410264807 is handled. Duration 226 ms by bot id=8121896700
2025-04-01 08:59:01,833 - aiogram.dispatcher - INFO - Polling stopped
2025-04-01 08:59:02,091 - aiogram.dispatcher - INFO - Polling stopped for bot @Siz_Izlagan_Filmlar_Bot id=8121896700 - 'Siz Izlagan Filmlar | Bot'
2025-04-01 08:59:05,015 - aiogram.dispatcher - INFO - Start polling
2025-04-01 08:59:05,758 - aiogram.dispatcher - INFO - Run polling for bot @Siz_Izlagan_Filmlar_Bot id=8121896700 - 'Siz Izlagan Filmlar | Bot'
2025-04-01 08:59:06,788 - aiogram.event - INFO - Update id=410264808 is handled. Duration 813 ms by bot id=8121896700
2025-04-01 08:59:10,543 - aiogram.event - INFO - Update id=410264809 is handled. Duration 217 ms by bot id=8121896700
2025-04-01 08:59:18,455 - aiogram.event - INFO - Update id=410264810 is handled. Duration 225 ms by bot id=8121896700
2025-04-01 09:01:01,261 - aiogram.event - INFO - Update id=410264811 is handled. Duration 402 ms by bot id=8121896700
2025-04-01 09:02:00,863 - aiogram.dispatcher - INFO - Polling stopped
2025-04-01 09:02:01,126 - aiogram.dispatcher - INFO - Polling stopped for bot @Siz_Izlagan_Filmlar_Bot id=8121896700 - 'Siz Izlagan Filmlar | Bot'
2025-04-01 09:02:04,085 - aiogram.dispatcher - INFO - Start polling
2025-04-01 09:02:04,429 - aiogram.dispatcher - INFO - Run polling for bot @Siz_Izlagan_Filmlar_Bot id=8121896700 - 'Siz Izlagan Filmlar | Bot'
2025-04-01 09:02:05,022 - aiogram.event - INFO - Update id=410264812 is handled. Duration 475 ms by bot id=8121896700
2025-04-01 09:07:04,824 - aiogram.event - INFO - Update id=410264813 is handled. Duration 240 ms by bot id=8121896700
2025-04-01 09:07:17,236 - aiogram.dispatcher - INFO - Polling stopped
2025-04-01 09:07:17,492 - aiogram.dispatcher - INFO - Polling stopped for bot @Siz_Izlagan_Filmlar_Bot id=8121896700 - 'Siz Izlagan Filmlar | Bot'
2025-04-01 10:11:08,670 - aiogram.dispatcher - INFO - Start polling
2025-04-01 10:11:09,311 - aiogram.dispatcher - INFO - Run polling for bot @Siz_Izlagan_Filmlar_Bot id=8121896700 - 'Siz Izlagan Filmlar | Bot'
2025-04-01 10:11:10,017 - aiogram.event - INFO - Update id=410264814 is handled. Duration 587 ms by bot id=8121896700
2025-04-01 10:11:10,044 - aiogram.event - INFO - Update id=410264815 is handled. Duration 611 ms by bot id=8121896700
2025-04-01 10:11:17,913 - aiogram.event - INFO - Update id=410264816 is handled. Duration 487 ms by bot id=8121896700
2025-04-01 10:17:28,751 - aiogram.dispatcher - INFO - Polling stopped
2025-04-01 10:17:29,010 - aiogram.dispatcher - INFO - Polling stopped for bot @Siz_Izlagan_Filmlar_Bot id=8121896700 - 'Siz Izlagan Filmlar | Bot'
2025-04-01 12:41:33,226 - aiogram.dispatcher - INFO - Start polling
2025-04-01 12:41:33,582 - aiogram.dispatcher - INFO - Run polling for bot @Siz_Izlagan_Filmlar_Bot id=8121896700 - 'Siz Izlagan Filmlar | Bot'
2025-04-01 12:41:49,361 - aiogram.event - INFO - Update id=410264817 is handled. Duration 469 ms by bot id=8121896700
2025-04-01 12:41:52,697 - aiogram.event - INFO - Update id=410264818 is handled. Duration 349 ms by bot id=8121896700
2025-04-01 12:41:56,577 - aiogram.event - INFO - Update id=410264819 is handled. Duration 247 ms by bot id=8121896700
2025-04-01 12:42:09,998 - aiogram.event - INFO - Update id=410264820 is handled. Duration 221 ms by bot id=8121896700
2025-04-01 12:43:07,109 - aiogram.dispatcher - INFO - Polling stopped
2025-04-01 12:43:07,362 - aiogram.dispatcher - INFO - Polling stopped for bot @Siz_Izlagan_Filmlar_Bot id=8121896700 - 'Siz Izlagan Filmlar | Bot'
2025-04-01 12:43:10,439 - aiogram.dispatcher - INFO - Start polling
2025-04-01 12:43:10,804 - aiogram.dispatcher - INFO - Run polling for bot @Siz_Izlagan_Filmlar_Bot id=8121896700 - 'Siz Izlagan Filmlar | Bot'
2025-04-01 12:43:13,069 - aiogram.event - INFO - Update id=410264821 is handled. Duration 458 ms by bot id=8121896700
2025-04-01 12:43:37,832 - aiogram.event - INFO - Update id=410264822 is handled. Duration 229 ms by bot id=8121896700
2025-04-01 12:43:43,489 - aiogram.event - INFO - Update id=410264823 is handled. Duration 248 ms by bot id=8121896700
2025-04-01 12:44:02,911 - aiogram.dispatcher - INFO - Polling stopped
2025-04-01 12:44:03,169 - aiogram.dispatcher - INFO - Polling stopped for bot @Siz_Izlagan_Filmlar_Bot id=8121896700 - 'Siz Izlagan Filmlar | Bot'
2025-04-01 14:26:10,319 - aiogram.dispatcher - INFO - Start polling
2025-04-01 14:26:10,803 - aiogram.dispatcher - INFO - Run polling for bot @Siz_Izlagan_Filmlar_Bot id=8121896700 - 'Siz Izlagan Filmlar | Bot'
2025-04-01 14:26:24,072 - aiogram.event - INFO - Update id=410264824 is handled. Duration 578 ms by bot id=8121896700
2025-04-01 14:26:27,055 - aiogram.event - INFO - Update id=410264825 is handled. Duration 270 ms by bot id=8121896700
2025-04-01 14:37:00,114 - aiogram.dispatcher - INFO - Polling stopped
2025-04-01 14:37:00,374 - aiogram.dispatcher - INFO - Polling stopped for bot @Siz_Izlagan_Filmlar_Bot id=8121896700 - 'Siz Izlagan Filmlar | Bot'
2025-04-01 18:01:48,635 - aiogram.dispatcher - INFO - Start polling
2025-04-01 18:01:49,033 - aiogram.dispatcher - INFO - Run polling for bot @Siz_Izlagan_Filmlar_Bot id=8121896700 - 'Siz Izlagan Filmlar | Bot'
2025-04-01 18:01:58,543 - aiogram.event - INFO - Update id=410264826 is handled. Duration 485 ms by bot id=8121896700
2025-04-01 18:02:36,962 - aiogram.event - INFO - Update id=410264827 is handled. Duration 258 ms by bot id=8121896700
2025-04-01 18:05:21,372 - aiogram.dispatcher - INFO - Polling stopped
2025-04-01 18:05:21,624 - aiogram.dispatcher - INFO - Polling stopped for bot @Siz_Izlagan_Filmlar_Bot id=8121896700 - 'Siz Izlagan Filmlar | Bot'
2025-04-01 21:49:52,918 - aiogram.dispatcher - INFO - Start polling
2025-04-01 21:49:53,292 - aiogram.dispatcher - INFO - Run polling for bot @Siz_Izlagan_Filmlar_Bot id=8121896700 - 'Siz Izlagan Filmlar | Bot'
2025-04-01 21:49:53,958 - aiogram.event - INFO - Update id=410264828 is handled. Duration 545 ms by bot id=8121896700
